# JRE version: OpenJDK Runtime Environment Temurin-17.0.4.1+1 (17.0.4.1+1) (build 17.0.4.1+1)
# Java VM: OpenJDK 64-Bit Server VM Temurin-17.0.4.1+1 (17.0.4.1+1, mixed mode, emulated-client, tiered, compressed oops, compressed class ptrs, g1 gc, windows-amd64)
GC Precious Log:
 CPUs: 8 total, 8 available
 Memory: 7941M
 Large Page Support: Disabled
 NUMA Support: Disabled
 Compressed Oops: Enabled (32-bit)
 Heap Region Size: 1M
 Heap Min Capacity: 8M
 Heap Initial Capacity: 126M
 Heap Max Capacity: 1986M
 Pre-touch: Disabled
 Parallel Workers: 8
 Concurrent Workers: 2
 Concurrent Refinement Workers: 8
 Periodic GC: Disabled
Heap:
 garbage-first heap   total 211968K, used 62987K [0x0000000083e00000, 0x0000000100000000)
  region size 1024K, 1 young (1024K), 0 survivors (0K)
 Metaspace       used 55459K, committed 55872K, reserved 1097728K
  class space    used 7365K, committed 7552K, reserved 1048576K
GC Heap History (20 events):
Event: 189149.410 GC heap before
{Heap before GC invocations=7085 (full 6000):
 garbage-first heap   total 211968K, used 62987K [0x0000000083e00000, 0x0000000100000000)
  region size 1024K, 1 young (1024K), 0 survivors (0K)
 Metaspace       used 55459K, committed 55872K, reserved 1097728K
  class space    used 7365K, committed 7552K, reserved 1048576K
}
Event: 189149.456 GC heap after
{Heap after GC invocations=7086 (full 6001):
 garbage-first heap   total 211968K, used 62987K [0x0000000083e00000, 0x0000000100000000)
  region size 1024K, 0 young (0K), 0 survivors (0K)
 Metaspace       used 55459K, committed 55872K, reserved 1097728K
  class space    used 7365K, committed 7552K, reserved 1048576K
}
Event: 189159.598 GC heap before
{Heap before GC invocations=7086 (full 6001):
 garbage-first heap   total 211968K, used 62987K [0x0000000083e00000, 0x0000000100000000)
  region size 1024K, 1 young (1024K), 0 survivors (0K)
 Metaspace       used 55459K, committed 55872K, reserved 1097728K
  class space    used 7365K, committed 7552K, reserved 1048576K
}
Event: 189159.649 GC heap after
{Heap after GC invocations=7087 (full 6002):
 garbage-first heap   total 211968K, used 62987K [0x0000000083e00000, 0x0000000100000000)
  region size 1024K, 0 young (0K), 0 survivors (0K)
 Metaspace       used 55459K, committed 55872K, reserved 1097728K
  class space    used 7365K, committed 7552K, reserved 1048576K
}
Event: 189169.782 GC heap before
{Heap before GC invocations=7087 (full 6002):
 garbage-first heap   total 211968K, used 62987K [0x0000000083e00000, 0x0000000100000000)
  region size 1024K, 1 young (1024K), 0 survivors (0K)
 Metaspace       used 55459K, committed 55872K, reserved 1097728K
  class space    used 7365K, committed 7552K, reserved 1048576K
}
Event: 189169.833 GC heap after
{Heap after GC invocations=7088 (full 6003):
 garbage-first heap   total 211968K, used 62987K [0x0000000083e00000, 0x0000000100000000)
  region size 1024K, 0 young (0K), 0 survivors (0K)
 Metaspace       used 55459K, committed 55872K, reserved 1097728K
  class space    used 7365K, committed 7552K, reserved 1048576K
}
Event: 189179.987 GC heap before
{Heap before GC invocations=7088 (full 6003):
 garbage-first heap   total 211968K, used 62987K [0x0000000083e00000, 0x0000000100000000)
  region size 1024K, 1 young (1024K), 0 survivors (0K)
 Metaspace       used 55459K, committed 55872K, reserved 1097728K
  class space    used 7365K, committed 7552K, reserved 1048576K
}
Event: 189180.044 GC heap after
{Heap after GC invocations=7089 (full 6004):
 garbage-first heap   total 211968K, used 62987K [0x0000000083e00000, 0x0000000100000000)
  region size 1024K, 0 young (0K), 0 survivors (0K)
 Metaspace       used 55459K, committed 55872K, reserved 1097728K
  class space    used 7365K, committed 7552K, reserved 1048576K
}
Event: 189190.176 GC heap before
{Heap before GC invocations=7089 (full 6004):
 garbage-first heap   total 211968K, used 62987K [0x0000000083e00000, 0x0000000100000000)
  region size 1024K, 1 young (1024K), 0 survivors (0K)
 Metaspace       used 55459K, committed 55872K, reserved 1097728K
  class space    used 7365K, committed 7552K, reserved 1048576K
}
Event: 189190.235 GC heap after
{Heap after GC invocations=7090 (full 6005):
 garbage-first heap   total 211968K, used 62987K [0x0000000083e00000, 0x0000000100000000)
  region size 1024K, 0 young (0K), 0 survivors (0K)
 Metaspace       used 55459K, committed 55872K, reserved 1097728K
  class space    used 7365K, committed 7552K, reserved 1048576K
}
Event: 189201.165 GC heap before
{Heap before GC invocations=7090 (full 6005):
 garbage-first heap   total 211968K, used 62987K [0x0000000083e00000, 0x0000000100000000)
  region size 1024K, 1 young (1024K), 0 survivors (0K)
 Metaspace       used 55459K, committed 55872K, reserved 1097728K
  class space    used 7365K, committed 7552K, reserved 1048576K
}
Event: 189202.145 GC heap after
{Heap after GC invocations=7091 (full 6006):
 garbage-first heap   total 211968K, used 62987K [0x0000000083e00000, 0x0000000100000000)
  region size 1024K, 0 young (0K), 0 survivors (0K)
 Metaspace       used 55459K, committed 55872K, reserved 1097728K
  class space    used 7365K, committed 7552K, reserved 1048576K
}
Event: 189213.377 GC heap before
{Heap before GC invocations=7091 (full 6006):
 garbage-first heap   total 211968K, used 62987K [0x0000000083e00000, 0x0000000100000000)
  region size 1024K, 1 young (1024K), 0 survivors (0K)
 Metaspace       used 55459K, committed 55872K, reserved 1097728K
  class space    used 7365K, committed 7552K, reserved 1048576K
}
Event: 189213.726 GC heap after
{Heap after GC invocations=7092 (full 6007):
 garbage-first heap   total 211968K, used 62987K [0x0000000083e00000, 0x0000000100000000)
  region size 1024K, 0 young (0K), 0 survivors (0K)
 Metaspace       used 55459K, committed 55872K, reserved 1097728K
  class space    used 7365K, committed 7552K, reserved 1048576K
}
Event: 189225.093 GC heap before
{Heap before GC invocations=7092 (full 6007):
 garbage-first heap   total 211968K, used 62987K [0x0000000083e00000, 0x0000000100000000)
  region size 1024K, 1 young (1024K), 0 survivors (0K)
 Metaspace       used 55459K, committed 55872K, reserved 1097728K
  class space    used 7365K, committed 7552K, reserved 1048576K
}
Event: 189225.177 GC heap after
{Heap after GC invocations=7093 (full 6008):
 garbage-first heap   total 211968K, used 62987K [0x0000000083e00000, 0x0000000100000000)
  region size 1024K, 0 young (0K), 0 survivors (0K)
 Metaspace       used 55459K, committed 55872K, reserved 1097728K
  class space    used 7365K, committed 7552K, reserved 1048576K
}
Event: 189235.884 GC heap before
{Heap before GC invocations=7093 (full 6008):
 garbage-first heap   total 211968K, used 62987K [0x0000000083e00000, 0x0000000100000000)
  region size 1024K, 1 young (1024K), 0 survivors (0K)
 Metaspace       used 55459K, committed 55872K, reserved 1097728K
  class space    used 7365K, committed 7552K, reserved 1048576K
}
Event: 189235.985 GC heap after
{Heap after GC invocations=7094 (full 6009):
 garbage-first heap   total 211968K, used 62987K [0x0000000083e00000, 0x0000000100000000)
  region size 1024K, 0 young (0K), 0 survivors (0K)
 Metaspace       used 55459K, committed 55872K, reserved 1097728K
  class space    used 7365K, committed 7552K, reserved 1048576K
}
Event: 189247.473 GC heap before
{Heap before GC invocations=7094 (full 6009):
 garbage-first heap   total 211968K, used 62987K [0x0000000083e00000, 0x0000000100000000)
  region size 1024K, 1 young (1024K), 0 survivors (0K)
 Metaspace       used 55459K, committed 55872K, reserved 1097728K
  class space    used 7365K, committed 7552K, reserved 1048576K
}
Event: 189248.165 GC heap after
{Heap after GC invocations=7095 (full 6010):
 garbage-first heap   total 211968K, used 62987K [0x0000000083e00000, 0x0000000100000000)
  region size 1024K, 0 young (0K), 0 survivors (0K)
 Metaspace       used 55459K, committed 55872K, reserved 1097728K
  class space    used 7365K, committed 7552K, reserved 1048576K
}

