# JRE version: OpenJDK Runtime Environment Temurin-17.0.4.1+1 (17.0.4.1+1) (build 17.0.4.1+1)
# Java VM: OpenJDK 64-Bit Server VM Temurin-17.0.4.1+1 (17.0.4.1+1, mixed mode, emulated-client, tiered, compressed oops, compressed class ptrs, g1 gc, windows-amd64)
GC Precious Log:
 CPUs: 8 total, 8 available
 Memory: 7941M
 Large Page Support: Disabled
 NUMA Support: Disabled
 Compressed Oops: Enabled (32-bit)
 Heap Region Size: 1M
 Heap Min Capacity: 8M
 Heap Initial Capacity: 126M
 Heap Max Capacity: 1986M
 Pre-touch: Disabled
 Parallel Workers: 8
 Concurrent Workers: 2
 Concurrent Refinement Workers: 8
 Periodic GC: Disabled
Heap:
 garbage-first heap   total 223232K, used 76293K [0x0000000083e00000, 0x0000000100000000)
  region size 1024K, 6 young (6144K), 6 survivors (6144K)
 Metaspace       used 35781K, committed 36160K, reserved 1081344K
  class space    used 4627K, committed 4800K, reserved 1048576K
GC Heap History (20 events):
Event: 7.947 GC heap after
{Heap after GC invocations=8 (full 0):
 garbage-first heap   total 48128K, used 17602K [0x0000000083e00000, 0x0000000100000000)
  region size 1024K, 2 young (2048K), 2 survivors (2048K)
 Metaspace       used 31453K, committed 31744K, reserved 1081344K
  class space    used 3992K, committed 4096K, reserved 1048576K
}
Event: 8.029 GC heap before
{Heap before GC invocations=8 (full 0):
 garbage-first heap   total 48128K, used 33986K [0x0000000083e00000, 0x0000000100000000)
  region size 1024K, 18 young (18432K), 2 survivors (2048K)
 Metaspace       used 32528K, committed 32832K, reserved 1081344K
  class space    used 4108K, committed 4224K, reserved 1048576K
}
Event: 8.034 GC heap after
{Heap after GC invocations=9 (full 0):
 garbage-first heap   total 48128K, used 20294K [0x0000000083e00000, 0x0000000100000000)
  region size 1024K, 3 young (3072K), 3 survivors (3072K)
 Metaspace       used 32528K, committed 32832K, reserved 1081344K
  class space    used 4108K, committed 4224K, reserved 1048576K
}
Event: 8.052 GC heap before
{Heap before GC invocations=9 (full 0):
 garbage-first heap   total 48128K, used 33606K [0x0000000083e00000, 0x0000000100000000)
  region size 1024K, 17 young (17408K), 3 survivors (3072K)
 Metaspace       used 32529K, committed 32832K, reserved 1081344K
  class space    used 4108K, committed 4224K, reserved 1048576K
}
Event: 8.060 GC heap after
{Heap after GC invocations=10 (full 0):
 garbage-first heap   total 91136K, used 23786K [0x0000000083e00000, 0x0000000100000000)
  region size 1024K, 3 young (3072K), 3 survivors (3072K)
 Metaspace       used 32529K, committed 32832K, reserved 1081344K
  class space    used 4108K, committed 4224K, reserved 1048576K
}
Event: 8.134 GC heap before
{Heap before GC invocations=10 (full 0):
 garbage-first heap   total 91136K, used 64746K [0x0000000083e00000, 0x0000000100000000)
  region size 1024K, 43 young (44032K), 3 survivors (3072K)
 Metaspace       used 32919K, committed 33280K, reserved 1081344K
  class space    used 4173K, committed 4352K, reserved 1048576K
}
Event: 8.145 GC heap after
{Heap after GC invocations=11 (full 0):
 garbage-first heap   total 91136K, used 30964K [0x0000000083e00000, 0x0000000100000000)
  region size 1024K, 6 young (6144K), 6 survivors (6144K)
 Metaspace       used 32919K, committed 33280K, reserved 1081344K
  class space    used 4173K, committed 4352K, reserved 1048576K
}
Event: 8.184 GC heap before
{Heap before GC invocations=11 (full 0):
 garbage-first heap   total 91136K, used 61684K [0x0000000083e00000, 0x0000000100000000)
  region size 1024K, 36 young (36864K), 6 survivors (6144K)
 Metaspace       used 33386K, committed 33728K, reserved 1081344K
  class space    used 4243K, committed 4416K, reserved 1048576K
}
Event: 8.192 GC heap after
{Heap after GC invocations=12 (full 0):
 garbage-first heap   total 91136K, used 37215K [0x0000000083e00000, 0x0000000100000000)
  region size 1024K, 5 young (5120K), 5 survivors (5120K)
 Metaspace       used 33386K, committed 33728K, reserved 1081344K
  class space    used 4243K, committed 4416K, reserved 1048576K
}
Event: 8.224 GC heap before
{Heap before GC invocations=12 (full 0):
 garbage-first heap   total 91136K, used 64863K [0x0000000083e00000, 0x0000000100000000)
  region size 1024K, 32 young (32768K), 5 survivors (5120K)
 Metaspace       used 33726K, committed 34048K, reserved 1081344K
  class space    used 4297K, committed 4480K, reserved 1048576K
}
Event: 8.231 GC heap after
{Heap after GC invocations=13 (full 0):
 garbage-first heap   total 91136K, used 44643K [0x0000000083e00000, 0x0000000100000000)
  region size 1024K, 4 young (4096K), 4 survivors (4096K)
 Metaspace       used 33726K, committed 34048K, reserved 1081344K
  class space    used 4297K, committed 4480K, reserved 1048576K
}
Event: 8.334 GC heap before
{Heap before GC invocations=13 (full 0):
 garbage-first heap   total 91136K, used 62051K [0x0000000083e00000, 0x0000000100000000)
  region size 1024K, 23 young (23552K), 4 survivors (4096K)
 Metaspace       used 34537K, committed 34944K, reserved 1081344K
  class space    used 4409K, committed 4608K, reserved 1048576K
}
Event: 8.341 GC heap after
{Heap after GC invocations=14 (full 0):
 garbage-first heap   total 223232K, used 49704K [0x0000000083e00000, 0x0000000100000000)
  region size 1024K, 4 young (4096K), 4 survivors (4096K)
 Metaspace       used 34537K, committed 34944K, reserved 1081344K
  class space    used 4409K, committed 4608K, reserved 1048576K
}
Event: 8.451 GC heap before
{Heap before GC invocations=14 (full 0):
 garbage-first heap   total 223232K, used 145960K [0x0000000083e00000, 0x0000000100000000)
  region size 1024K, 97 young (99328K), 4 survivors (4096K)
 Metaspace       used 35280K, committed 35584K, reserved 1081344K
  class space    used 4525K, committed 4672K, reserved 1048576K
}
Event: 8.477 GC heap after
{Heap after GC invocations=15 (full 0):
 garbage-first heap   total 223232K, used 67295K [0x0000000083e00000, 0x0000000100000000)
  region size 1024K, 13 young (13312K), 13 survivors (13312K)
 Metaspace       used 35280K, committed 35584K, reserved 1081344K
  class space    used 4525K, committed 4672K, reserved 1048576K
}
Event: 8.505 GC heap before
{Heap before GC invocations=15 (full 0):
 garbage-first heap   total 223232K, used 148191K [0x0000000083e00000, 0x0000000100000000)
  region size 1024K, 93 young (95232K), 13 survivors (13312K)
 Metaspace       used 35418K, committed 35776K, reserved 1081344K
  class space    used 4557K, committed 4736K, reserved 1048576K
}
Event: 8.513 GC heap after
{Heap after GC invocations=16 (full 0):
 garbage-first heap   total 223232K, used 71621K [0x0000000083e00000, 0x0000000100000000)
  region size 1024K, 4 young (4096K), 4 survivors (4096K)
 Metaspace       used 35418K, committed 35776K, reserved 1081344K
  class space    used 4557K, committed 4736K, reserved 1048576K
}
Event: 8.541 GC heap before
{Heap before GC invocations=16 (full 0):
 garbage-first heap   total 223232K, used 156613K [0x0000000083e00000, 0x0000000100000000)
  region size 1024K, 88 young (90112K), 4 survivors (4096K)
 Metaspace       used 35570K, committed 35904K, reserved 1081344K
  class space    used 4594K, committed 4736K, reserved 1048576K
}
Event: 8.544 GC heap after
{Heap after GC invocations=17 (full 0):
 garbage-first heap   total 223232K, used 74539K [0x0000000083e00000, 0x0000000100000000)
  region size 1024K, 7 young (7168K), 7 survivors (7168K)
 Metaspace       used 35570K, committed 35904K, reserved 1081344K
  class space    used 4594K, committed 4736K, reserved 1048576K
}
Event: 8.563 GC heap before
{Heap before GC invocations=17 (full 0):
 garbage-first heap   total 223232K, used 122667K [0x0000000083e00000, 0x0000000100000000)
  region size 1024K, 56 young (57344K), 7 survivors (7168K)
 Metaspace       used 35781K, committed 36160K, reserved 1081344K
  class space    used 4627K, committed 4800K, reserved 1048576K
}

